<?xml version="1.0" encoding="UTF-8"?>
<!-- Generated by org.testng.reporters.JUnitXMLReporter -->
<testsuite hostname="PRABU" ignored="0" name="Default test" tests="8" failures="0" timestamp="30 Mar 2019 01:34:30 GMT" time="0.199" errors="0">
  <testcase name="testMethod1" time="0.015" classname="com.testng.codes.FactoryExample"/>
  <testcase name="testMethod1" time="0.003" classname="com.testng.codes.FactoryExample"/>
  <testcase name="testMethod1" time="0.007" classname="com.testng.codes.FactoryExample"/>
  <testcase name="testMethod1" time="0.009" classname="com.testng.codes.FactoryExample"/>
  <testcase name="testMethod2" time="0.003" classname="com.testng.codes.FactoryExample"/>
  <testcase name="testMethod2" time="0.005" classname="com.testng.codes.FactoryExample"/>
  <testcase name="testMethod2" time="0.003" classname="com.testng.codes.FactoryExample"/>
  <testcase name="testMethod2" time="0.004" classname="com.testng.codes.FactoryExample"/>
</testsuite> <!-- Default test -->
