<?xml version="1.0" encoding="UTF-8"?>
<!-- Generated by org.testng.reporters.JUnitXMLReporter -->
<testsuite hostname="PRABU" ignored="0" name="IETest" tests="1" failures="1" timestamp="14 Nov 2017 14:34:11 GMT" time="0.493" errors="0">
  <testcase name="test1" time="0.421" classname="com.testng.codes.CrossBrowser">
    <failure type="java.lang.NoSuchMethodError" message="com.google.common.base.Preconditions.checkArgument(ZLjava/lang/String;I)V">
      <![CDATA[java.lang.NoSuchMethodError: com.google.common.base.Preconditions.checkArgument(ZLjava/lang/String;I)V
	at org.openqa.selenium.remote.service.DriverService$Builder.usingPort(DriverService.java:269)
	at org.openqa.selenium.ie.InternetExplorerDriver.setupService(InternetExplorerDriver.java:249)
	at org.openqa.selenium.ie.InternetExplorerDriver.<init>(InternetExplorerDriver.java:210)
	at org.openqa.selenium.ie.InternetExplorerDriver.<init>(InternetExplorerDriver.java:154)
	at com.testng.codes.CrossBrowser.test1(CrossBrowser.java:32)
	at java.util.concurrent.FutureTask.run(Unknown Source)
	at java.util.concurrent.ThreadPoolExecutor.runWorker(Unknown Source)
	at java.util.concurrent.ThreadPoolExecutor$Worker.run(Unknown Source)
	at java.lang.Thread.run(Unknown Source)
... Removed 16 stack frames]]>
    </failure>
  </testcase> <!-- test1 -->
</testsuite> <!-- IETest -->
